[INFO ] 2018-05-04 17:39:23,747 [edu.zut.cs.javaee.log.admin.dao.GroupDaoTest:edu.zut.cs.javaee.log.admin.dao.GroupDaoTest.testGetRoot(GroupDaoTest.java:48)] testGetRoot() - List<Group> roots=[edu.zut.cs.javaee.log.admin.domain.Group@360e9c06[
  name=group_0
  users=<null>
  children=<null>
  leaf=true
  parent=<null>
  text=<null>
  dateCreated=Fri May 04 17:39:22 CST 2018
  dateModified=Fri May 04 17:39:22 CST 2018
  deleted=false
  entityName=<null>
  id=22
], edu.zut.cs.javaee.log.admin.domain.Group@5edacf20[
  name=group_1
  users=<null>
  children=<null>
  leaf=true
  parent=<null>
  text=<null>
  dateCreated=Fri May 04 17:39:22 CST 2018
  dateModified=Fri May 04 17:39:22 CST 2018
  deleted=false
  entityName=<null>
  id=23
], edu.zut.cs.javaee.log.admin.domain.Group@5e8507f1[
  name=group_2
  users=<null>
  children=<null>
  leaf=true
  parent=<null>
  text=<null>
  dateCreated=Fri May 04 17:39:22 CST 2018
  dateModified=Fri May 04 17:39:22 CST 2018
  deleted=false
  entityName=<null>
  id=24
], edu.zut.cs.javaee.log.admin.domain.Group@6bc24e72[
  name=group_3
  users=<null>
  children=<null>
  leaf=true
  parent=<null>
  text=<null>
  dateCreated=Fri May 04 17:39:22 CST 2018
  dateModified=Fri May 04 17:39:22 CST 2018
  deleted=false
  entityName=<null>
  id=25
], edu.zut.cs.javaee.log.admin.domain.Group@1a47a1e8[
  name=group_4
  users=<null>
  children=<null>
  leaf=true
  parent=<null>
  text=<null>
  dateCreated=Fri May 04 17:39:23 CST 2018
  dateModified=Fri May 04 17:39:23 CST 2018
  deleted=false
  entityName=<null>
  id=26
], edu.zut.cs.javaee.log.admin.domain.Group@748f93bb[
  name=group_5
  users=<null>
  children=<null>
  leaf=true
  parent=<null>
  text=<null>
  dateCreated=Fri May 04 17:39:23 CST 2018
  dateModified=Fri May 04 17:39:23 CST 2018
  deleted=false
  entityName=<null>
  id=27
], edu.zut.cs.javaee.log.admin.domain.Group@1084f78c[
  name=group_6
  users=<null>
  children=<null>
  leaf=true
  parent=<null>
  text=<null>
  dateCreated=Fri May 04 17:39:23 CST 2018
  dateModified=Fri May 04 17:39:23 CST 2018
  deleted=false
  entityName=<null>
  id=28
], edu.zut.cs.javaee.log.admin.domain.Group@6d8796c1[
  name=group_7
  users=<null>
  children=<null>
  leaf=true
  parent=<null>
  text=<null>
  dateCreated=Fri May 04 17:39:23 CST 2018
  dateModified=Fri May 04 17:39:23 CST 2018
  deleted=false
  entityName=<null>
  id=29
], edu.zut.cs.javaee.log.admin.domain.Group@3b8ec001[
  name=group_8
  users=<null>
  children=<null>
  leaf=true
  parent=<null>
  text=<null>
  dateCreated=Fri May 04 17:39:23 CST 2018
  dateModified=Fri May 04 17:39:23 CST 2018
  deleted=false
  entityName=<null>
  id=30
], edu.zut.cs.javaee.log.admin.domain.Group@3df1a1ac[
  name=group_9
  users=<null>
  children=<null>
  leaf=true
  parent=<null>
  text=<null>
  dateCreated=Fri May 04 17:39:23 CST 2018
  dateModified=Fri May 04 17:39:23 CST 2018
  deleted=false
  entityName=<null>
  id=31
]]
